0 info it worked if it ends with ok
1 verbose cli [ 'C:\\Program Files\\nodejs\\node.exe',
1 verbose cli   'C:\\Program Files\\nodejs\\node_modules\\npm\\bin\\npm-cli.js',
1 verbose cli   'run',
1 verbose cli   'serve' ]
2 info using npm@3.10.10
3 info using node@v6.10.0
4 verbose run-script [ 'preserve', 'serve', 'postserve' ]
5 info lifecycle stasiu@1.0.0~preserve: stasiu@1.0.0
6 silly lifecycle stasiu@1.0.0~preserve: no script for preserve, continuing
7 info lifecycle stasiu@1.0.0~serve: stasiu@1.0.0
8 verbose lifecycle stasiu@1.0.0~serve: unsafe-perm in lifecycle true
9 verbose lifecycle stasiu@1.0.0~serve: PATH: C:\Program Files\nodejs\node_modules\npm\bin\node-gyp-bin;D:\Programowanie\stasiu\node_modules\.bin;C:\Program Files (x86)\M1 Licensing;C:\Windows\system32;C:\Windows;C:\Windows\System32\Wbem;C:\Windows\System32\WindowsPowerShell\v1.0;C:\WINDOWS\system32;C:\WINDOWS;C:\WINDOWS\System32\Wbem;C:\WINDOWS\System32\WindowsPowerShell\v1.0;C:\Users\Wojtek\.dnx\bin;C:\Program Files\Microsoft DNX\Dnvm;C:\Program Files (x86)\Windows Kits\8.1\Windows Performance Toolkit;C:\Program Files (x86)\Livestreamer;C:\Program Files (x86)\GtkSharp\2.12\bin;C:\Program Files (x86)\Windows Live\Shared;C:\Program Files (x86)\NVIDIA Corporation\PhysX\Common;E:\SQL Server\Microsoft SQL server\Client SDK\ODBC\110\Tools\Binn;E:\SQL Server\Microsoft SQL Server x86\120\DTS\Binn;E:\SQL Server\Microsoft SQL server\130\Tools\Binn;E:\SQL Server\Microsoft SQL Server x86\110\DTS\Binn;E:\SQL Server\Microsoft SQL Server x86\130\DTS\Binn;C:\WINDOWS\system32;C:\WINDOWS;C:\WINDOWS\System32\Wbem;C:\WINDOWS\System32\WindowsPowerShell\v1.0;E:\SQL Server\Microsoft SQL server\Client SDK\ODBC\130\Tools\Binn;E:\SQL Server\Microsoft SQL Server x86\130\Tools\Binn;E:\SQL Server\Microsoft SQL server\130\DTS\Binn;E:\SQL Server\Microsoft SQL Server x86\Client SDK\ODBC\130\Tools\Binn;E:\SQL Server\Microsoft SQL Server x86\130\Tools\Binn\ManagementStudio;E:\Git\cmd;C:\Program Files\nodejs;E:\Proficy\Common\Path;C:\Users\Wojtek\AppData\Local\Microsoft\WindowsApps;C:\Users\Wojtek\AppData\Local\atom\bin;C:\Users\Wojtek\AppData\Roaming\npm;E:\Microsoft VS Code\bin
10 verbose lifecycle stasiu@1.0.0~serve: CWD: D:\Programowanie\stasiu
11 silly lifecycle stasiu@1.0.0~serve: Args: [ '/d /s /c', 'webpack-dev-server --progress' ]
12 silly lifecycle stasiu@1.0.0~serve: Returned: code: 3221225786  signal: null
13 info lifecycle stasiu@1.0.0~serve: Failed to exec serve script
14 verbose stack Error: stasiu@1.0.0 serve: `webpack-dev-server --progress`
14 verbose stack Exit status 3221225786
14 verbose stack     at EventEmitter.<anonymous> (C:\Program Files\nodejs\node_modules\npm\lib\utils\lifecycle.js:255:16)
14 verbose stack     at emitTwo (events.js:106:13)
14 verbose stack     at EventEmitter.emit (events.js:191:7)
14 verbose stack     at ChildProcess.<anonymous> (C:\Program Files\nodejs\node_modules\npm\lib\utils\spawn.js:40:14)
14 verbose stack     at emitTwo (events.js:106:13)
14 verbose stack     at ChildProcess.emit (events.js:191:7)
14 verbose stack     at maybeClose (internal/child_process.js:877:16)
14 verbose stack     at Process.ChildProcess._handle.onexit (internal/child_process.js:226:5)
15 verbose pkgid stasiu@1.0.0
16 verbose cwd D:\Programowanie\stasiu
17 error Windows_NT 10.0.14393
18 error argv "C:\\Program Files\\nodejs\\node.exe" "C:\\Program Files\\nodejs\\node_modules\\npm\\bin\\npm-cli.js" "run" "serve"
19 error node v6.10.0
20 error npm  v3.10.10
21 error code ELIFECYCLE
22 error stasiu@1.0.0 serve: `webpack-dev-server --progress`
22 error Exit status 3221225786
23 error Failed at the stasiu@1.0.0 serve script 'webpack-dev-server --progress'.
23 error Make sure you have the latest version of node.js and npm installed.
23 error If you do, this is most likely a problem with the stasiu package,
23 error not with npm itself.
23 error Tell the author that this fails on your system:
23 error     webpack-dev-server --progress
23 error You can get information on how to open an issue for this project with:
23 error     npm bugs stasiu
23 error Or if that isn't available, you can get their info via:
23 error     npm owner ls stasiu
23 error There is likely additional logging output above.
24 verbose exit [ 1, true ]
